==============================================================================
Tasks :: Orders robots from RobotSpareBin Industries Inc. Saves the order H...
==============================================================================
Order robots from RobotSpareBin Industries Inc                        Cleaning up content from previous test runs
Getting Secret from our Vault
Ashwini Aher wrote this program for you
Capturing Screenshot to c:\Users\ashwini.aher\Downloads\order-processing-robot1-main\order-processing-robot1-main\image_files\RSB-ROBO-ORDER-2HGEW5WZSG.png
Printing RSB-ROBO-ORDER-2HGEW5WZSG
Printing Embedding image c:\Users\ashwini.aher\Downloads\order-processing-robot1-main\order-processing-robot1-main\image_files\RSB-ROBO-ORDER-2HGEW5WZSG.png in pdf file c:\Users\ashwini.aher\Downloads\order-processing-robot1-main\order-processing-robot1-main\pdf_files\RSB-ROBO-ORDER-2HGEW5WZSG.pdf
Capturing Screenshot to c:\Users\ashwini.aher\Downloads\order-processing-robot1-main\order-processing-robot1-main\image_files\RSB-ROBO-ORDER-VNS923FSD.png
Printing RSB-ROBO-ORDER-VNS923FSD
Printing Embedding image c:\Users\ashwini.aher\Downloads\order-processing-robot1-main\order-processing-robot1-main\image_files\RSB-ROBO-ORDER-VNS923FSD.png in pdf file c:\Users\ashwini.aher\Downloads\order-processing-robot1-main\order-processing-robot1-main\pdf_files\RSB-ROBO-ORDER-VNS923FSD.pdf
Capturing Screenshot to c:\Users\ashwini.aher\Downloads\order-processing-robot1-main\order-processing-robot1-main\image_files\RSB-ROBO-ORDER-ZYWID275ZK.png
Printing RSB-ROBO-ORDER-ZYWID275ZK
Printing Embedding image c:\Users\ashwini.aher\Downloads\order-processing-robot1-main\order-processing-robot1-main\image_files\RSB-ROBO-ORDER-ZYWID275ZK.png in pdf file c:\Users\ashwini.aher\Downloads\order-processing-robot1-main\order-processing-robot1-main\pdf_files\RSB-ROBO-ORDER-ZYWID275ZK.pdf
Capturing Screenshot to c:\Users\ashwini.aher\Downloads\order-processing-robot1-main\order-processing-robot1-main\image_files\RSB-ROBO-ORDER-SW7A2UJSLU.png
Printing RSB-ROBO-ORDER-SW7A2UJSLU
Printing Embedding image c:\Users\ashwini.aher\Downloads\order-processing-robot1-main\order-processing-robot1-main\image_files\RSB-ROBO-ORDER-SW7A2UJSLU.png in pdf file c:\Users\ashwini.aher\Downloads\order-processing-robot1-main\order-processing-robot1-main\pdf_files\RSB-ROBO-ORDER-SW7A2UJSLU.pdf
Capturing Screenshot to c:\Users\ashwini.aher\Downloads\order-processing-robot1-main\order-processing-robot1-main\image_files\RSB-ROBO-ORDER-PN5PEO92Y2.png
Printing RSB-ROBO-ORDER-PN5PEO92Y2
Printing Embedding image c:\Users\ashwini.aher\Downloads\order-processing-robot1-main\order-processing-robot1-main\image_files\RSB-ROBO-ORDER-PN5PEO92Y2.png in pdf file c:\Users\ashwini.aher\Downloads\order-processing-robot1-main\order-processing-robot1-main\pdf_files\RSB-ROBO-ORDER-PN5PEO92Y2.pdf
Capturing Screenshot to c:\Users\ashwini.aher\Downloads\order-processing-robot1-main\order-processing-robot1-main\image_files\RSB-ROBO-ORDER-5O1BJV6B6.png
Printing RSB-ROBO-ORDER-5O1BJV6B6
Printing Embedding image c:\Users\ashwini.aher\Downloads\order-processing-robot1-main\order-processing-robot1-main\image_files\RSB-ROBO-ORDER-5O1BJV6B6.png in pdf file c:\Users\ashwini.aher\Downloads\order-processing-robot1-main\order-processing-robot1-main\pdf_files\RSB-ROBO-ORDER-5O1BJV6B6.pdf
Capturing Screenshot to c:\Users\ashwini.aher\Downloads\order-processing-robot1-main\order-processing-robot1-main\image_files\RSB-ROBO-ORDER-2GRBQ1WNKC.png
Printing RSB-ROBO-ORDER-2GRBQ1WNKC
Printing Embedding image c:\Users\ashwini.aher\Downloads\order-processing-robot1-main\order-processing-robot1-main\image_files\RSB-ROBO-ORDER-2GRBQ1WNKC.png in pdf file c:\Users\ashwini.aher\Downloads\order-processing-robot1-main\order-processing-robot1-main\pdf_files\RSB-ROBO-ORDER-2GRBQ1WNKC.pdf
Capturing Screenshot to c:\Users\ashwini.aher\Downloads\order-processing-robot1-main\order-processing-robot1-main\image_files\RSB-ROBO-ORDER-VZBFXK8EH7.png
Printing RSB-ROBO-ORDER-VZBFXK8EH7
Printing Embedding image c:\Users\ashwini.aher\Downloads\order-processing-robot1-main\order-processing-robot1-main\image_files\RSB-ROBO-ORDER-VZBFXK8EH7.png in pdf file c:\Users\ashwini.aher\Downloads\order-processing-robot1-main\order-processing-robot1-main\pdf_files\RSB-ROBO-ORDER-VZBFXK8EH7.pdf
Capturing Screenshot to c:\Users\ashwini.aher\Downloads\order-processing-robot1-main\order-processing-robot1-main\image_files\RSB-ROBO-ORDER-DM28V2ZPFN.png
Printing RSB-ROBO-ORDER-DM28V2ZPFN
Printing Embedding image c:\Users\ashwini.aher\Downloads\order-processing-robot1-main\order-processing-robot1-main\image_files\RSB-ROBO-ORDER-DM28V2ZPFN.png in pdf file c:\Users\ashwini.aher\Downloads\order-processing-robot1-main\order-processing-robot1-main\pdf_files\RSB-ROBO-ORDER-DM28V2ZPFN.pdf
Capturing Screenshot to c:\Users\ashwini.aher\Downloads\order-processing-robot1-main\order-processing-robot1-main\image_files\RSB-ROBO-ORDER-93V2Q6KAX.png
Printing RSB-ROBO-ORDER-93V2Q6KAX
Printing Embedding image c:\Users\ashwini.aher\Downloads\order-processing-robot1-main\order-processing-robot1-main\image_files\RSB-ROBO-ORDER-93V2Q6KAX.png in pdf file c:\Users\ashwini.aher\Downloads\order-processing-robot1-main\order-processing-robot1-main\pdf_files\RSB-ROBO-ORDER-93V2Q6KAX.pdf
Capturing Screenshot to c:\Users\ashwini.aher\Downloads\order-processing-robot1-main\order-processing-robot1-main\image_files\RSB-ROBO-ORDER-CXPASQ2TO.png
Printing RSB-ROBO-ORDER-CXPASQ2TO
Printing Embedding image c:\Users\ashwini.aher\Downloads\order-processing-robot1-main\order-processing-robot1-main\image_files\RSB-ROBO-ORDER-CXPASQ2TO.png in pdf file c:\Users\ashwini.aher\Downloads\order-processing-robot1-main\order-processing-robot1-main\pdf_files\RSB-ROBO-ORDER-CXPASQ2TO.pdf
Capturing Screenshot to c:\Users\ashwini.aher\Downloads\order-processing-robot1-main\order-processing-robot1-main\image_files\RSB-ROBO-ORDER-4ZMGMYH5Y.png
Printing RSB-ROBO-ORDER-4ZMGMYH5Y
Printing Embedding image c:\Users\ashwini.aher\Downloads\order-processing-robot1-main\order-processing-robot1-main\image_files\RSB-ROBO-ORDER-4ZMGMYH5Y.png in pdf file c:\Users\ashwini.aher\Downloads\order-processing-robot1-main\order-processing-robot1-main\pdf_files\RSB-ROBO-ORDER-4ZMGMYH5Y.pdf
Capturing Screenshot to c:\Users\ashwini.aher\Downloads\order-processing-robot1-main\order-processing-robot1-main\image_files\RSB-ROBO-ORDER-V1TOMNL304.png
Printing RSB-ROBO-ORDER-V1TOMNL304
Printing Embedding image c:\Users\ashwini.aher\Downloads\order-processing-robot1-main\order-processing-robot1-main\image_files\RSB-ROBO-ORDER-V1TOMNL304.png in pdf file c:\Users\ashwini.aher\Downloads\order-processing-robot1-main\order-processing-robot1-main\pdf_files\RSB-ROBO-ORDER-V1TOMNL304.pdf
Capturing Screenshot to c:\Users\ashwini.aher\Downloads\order-processing-robot1-main\order-processing-robot1-main\image_files\RSB-ROBO-ORDER-PXIOEWMLOH.png
Printing RSB-ROBO-ORDER-PXIOEWMLOH
Printing Embedding image c:\Users\ashwini.aher\Downloads\order-processing-robot1-main\order-processing-robot1-main\image_files\RSB-ROBO-ORDER-PXIOEWMLOH.png in pdf file c:\Users\ashwini.aher\Downloads\order-processing-robot1-main\order-processing-robot1-main\pdf_files\RSB-ROBO-ORDER-PXIOEWMLOH.pdf
Capturing Screenshot to c:\Users\ashwini.aher\Downloads\order-processing-robot1-main\order-processing-robot1-main\image_files\RSB-ROBO-ORDER-9HUMP4ZMM.png
Printing RSB-ROBO-ORDER-9HUMP4ZMM
Printing Embedding image c:\Users\ashwini.aher\Downloads\order-processing-robot1-main\order-processing-robot1-main\image_files\RSB-ROBO-ORDER-9HUMP4ZMM.png in pdf file c:\Users\ashwini.aher\Downloads\order-processing-robot1-main\order-processing-robot1-main\pdf_files\RSB-ROBO-ORDER-9HUMP4ZMM.pdf
Capturing Screenshot to c:\Users\ashwini.aher\Downloads\order-processing-robot1-main\order-processing-robot1-main\image_files\RSB-ROBO-ORDER-TEKAINQQM9.png
Printing RSB-ROBO-ORDER-TEKAINQQM9
Printing Embedding image c:\Users\ashwini.aher\Downloads\order-processing-robot1-main\order-processing-robot1-main\image_files\RSB-ROBO-ORDER-TEKAINQQM9.png in pdf file c:\Users\ashwini.aher\Downloads\order-processing-robot1-main\order-processing-robot1-main\pdf_files\RSB-ROBO-ORDER-TEKAINQQM9.pdf
Capturing Screenshot to c:\Users\ashwini.aher\Downloads\order-processing-robot1-main\order-processing-robot1-main\image_files\RSB-ROBO-ORDER-J99G326OQ8.png
Printing RSB-ROBO-ORDER-J99G326OQ8
Printing Embedding image c:\Users\ashwini.aher\Downloads\order-processing-robot1-main\order-processing-robot1-main\image_files\RSB-ROBO-ORDER-J99G326OQ8.png in pdf file c:\Users\ashwini.aher\Downloads\order-processing-robot1-main\order-processing-robot1-main\pdf_files\RSB-ROBO-ORDER-J99G326OQ8.pdf
Capturing Screenshot to c:\Users\ashwini.aher\Downloads\order-processing-robot1-main\order-processing-robot1-main\image_files\RSB-ROBO-ORDER-LFRWXGLF5.png
Printing RSB-ROBO-ORDER-LFRWXGLF5
Printing Embedding image c:\Users\ashwini.aher\Downloads\order-processing-robot1-main\order-processing-robot1-main\image_files\RSB-ROBO-ORDER-LFRWXGLF5.png in pdf file c:\Users\ashwini.aher\Downloads\order-processing-robot1-main\order-processing-robot1-main\pdf_files\RSB-ROBO-ORDER-LFRWXGLF5.pdf
Capturing Screenshot to c:\Users\ashwini.aher\Downloads\order-processing-robot1-main\order-processing-robot1-main\image_files\RSB-ROBO-ORDER-QJG2PZ3QZW.png
Printing RSB-ROBO-ORDER-QJG2PZ3QZW
Printing Embedding image c:\Users\ashwini.aher\Downloads\order-processing-robot1-main\order-processing-robot1-main\image_files\RSB-ROBO-ORDER-QJG2PZ3QZW.png in pdf file c:\Users\ashwini.aher\Downloads\order-processing-robot1-main\order-processing-robot1-main\pdf_files\RSB-ROBO-ORDER-QJG2PZ3QZW.pdf
Capturing Screenshot to c:\Users\ashwini.aher\Downloads\order-processing-robot1-main\order-processing-robot1-main\image_files\RSB-ROBO-ORDER-DANIU39UU7.png
Printing RSB-ROBO-ORDER-DANIU39UU7
Printing Embedding image c:\Users\ashwini.aher\Downloads\order-processing-robot1-main\order-processing-robot1-main\image_files\RSB-ROBO-ORDER-DANIU39UU7.png in pdf file c:\Users\ashwini.aher\Downloads\order-processing-robot1-main\order-processing-robot1-main\pdf_files\RSB-ROBO-ORDER-DANIU39UU7.pdf
| PASS |
------------------------------------------------------------------------------
Tasks :: Orders robots from RobotSpareBin Industries Inc. Saves th... | PASS |
1 task, 1 passed, 0 failed
==============================================================================
Output:  c:\Users\ashwini.aher\Downloads\order-processing-robot1-main\order-processing-robot1-main\output\output.xml
Log:     c:\Users\ashwini.aher\Downloads\order-processing-robot1-main\order-processing-robot1-main\output\log.html
